<?xml version="1.0" encoding="UTF-8"?>
<robot generator="Robot 4.1.2 (Python 3.8.5 on win32)" generated="20211124 23:27:09.878" rpa="false" schemaversion="2">
<suite id="s1" name="Hltv Sign In" source="D:\koodi\robot-browser-lib-tests\tests\hltv_sign_in.robot">
<test id="s1-t1" name="Check For Username And Password Input Fields">
<kw name="Allow Necessary Cookies" library="res_hltv_common" type="SETUP">
<kw name="New Page" library="Browser">
<arg>${URL}</arg>
<tag>BrowserControl</tag>
<tag>Setter</tag>
<doc>Open a new Page. A Page is the Playwright equivalent to a tab.
See `Browser, Context and Page` for more information about Page concept.
Returns a stable identifier for the created page.</doc>
<msg timestamp="20211124 23:27:12.280" level="INFO">Successfully initialized new page object and opened url: https://www.hltv.org/</msg>
<msg timestamp="20211124 23:27:12.280" level="INFO">No browser and context was open. New browser and context was automatically opened when page is created.</msg>
<status status="PASS" starttime="20211124 23:27:10.592" endtime="20211124 23:27:12.280"/>
</kw>
<kw name="Wait For Elements State" library="Browser">
<arg>//div[@id="CybotCookiebotDialog"]</arg>
<tag>PageContent</tag>
<tag>Wait</tag>
<doc>Waits for the element found by ``selector`` to satisfy state option.</doc>
<msg timestamp="20211124 23:27:13.496" level="INFO">Waited for Element with selector //div[@id="CybotCookiebotDialog"] at state visible</msg>
<status status="PASS" starttime="20211124 23:27:12.280" endtime="20211124 23:27:13.496"/>
</kw>
<kw name="Click" library="Browser">
<arg>xpath=//a[@id="CybotCookiebotDialogBodyLevelButtonLevelOptinAllowallSelection"]</arg>
<tag>PageContent</tag>
<tag>Setter</tag>
<doc>Simulates mouse click on the element found by ``selector``.</doc>
<status status="PASS" starttime="20211124 23:27:13.496" endtime="20211124 23:27:13.686"/>
</kw>
<status status="PASS" starttime="20211124 23:27:10.592" endtime="20211124 23:27:13.686"/>
</kw>
<kw name="Open Sign In Popup">
<kw name="Click" library="Browser">
<arg>xpath=//div[@class="navsignin"]</arg>
<tag>PageContent</tag>
<tag>Setter</tag>
<doc>Simulates mouse click on the element found by ``selector``.</doc>
<status status="PASS" starttime="20211124 23:27:13.687" endtime="20211124 23:27:13.768"/>
</kw>
<status status="PASS" starttime="20211124 23:27:13.686" endtime="20211124 23:27:13.769"/>
</kw>
<kw name="Get Element State" library="Browser">
<arg>${usernameField}</arg>
<arg>visible</arg>
<arg>==</arg>
<arg>True</arg>
<tag>Assertion</tag>
<tag>Getter</tag>
<tag>PageContent</tag>
<doc>Get the given state from the element found by ``selector``.</doc>
<status status="PASS" starttime="20211124 23:27:13.769" endtime="20211124 23:27:13.780"/>
</kw>
<kw name="Get Element State" library="Browser">
<arg>${passwordField}</arg>
<arg>visible</arg>
<arg>==</arg>
<arg>True</arg>
<tag>Assertion</tag>
<tag>Getter</tag>
<tag>PageContent</tag>
<doc>Get the given state from the element found by ``selector``.</doc>
<status status="PASS" starttime="20211124 23:27:13.780" endtime="20211124 23:27:13.797"/>
</kw>
<kw name="Get Attribute" library="Browser">
<arg>${passwordField}</arg>
<arg>type</arg>
<arg>==</arg>
<arg>password</arg>
<tag>Assertion</tag>
<tag>Getter</tag>
<tag>PageContent</tag>
<doc>Returns the HTML ``attribute`` of the element found by ``selector``.</doc>
<status status="PASS" starttime="20211124 23:27:13.797" endtime="20211124 23:27:13.819"/>
</kw>
<kw name="Click" library="Browser">
<arg>${usernameField}</arg>
<tag>PageContent</tag>
<tag>Setter</tag>
<doc>Simulates mouse click on the element found by ``selector``.</doc>
<status status="PASS" starttime="20211124 23:27:13.819" endtime="20211124 23:27:13.872"/>
</kw>
<kw name="Get Element State" library="Browser">
<arg>${usernameField}</arg>
<arg>focused</arg>
<arg>==</arg>
<arg>True</arg>
<tag>Assertion</tag>
<tag>Getter</tag>
<tag>PageContent</tag>
<doc>Get the given state from the element found by ``selector``.</doc>
<status status="PASS" starttime="20211124 23:27:13.872" endtime="20211124 23:27:13.887"/>
</kw>
<kw name="Fill Text" library="Browser">
<arg>${usernameField}</arg>
<arg>${USER}</arg>
<tag>PageContent</tag>
<tag>Setter</tag>
<doc>Clears and fills the given ``txt`` into the text field found by ``selector``.</doc>
<msg timestamp="20211124 23:27:13.888" level="INFO">Fills the text 'testUser' in the given field.</msg>
<status status="PASS" starttime="20211124 23:27:13.888" endtime="20211124 23:27:13.904"/>
</kw>
<kw name="Click" library="Browser">
<arg>${passwordField}</arg>
<tag>PageContent</tag>
<tag>Setter</tag>
<doc>Simulates mouse click on the element found by ``selector``.</doc>
<status status="PASS" starttime="20211124 23:27:13.904" endtime="20211124 23:27:13.983"/>
</kw>
<kw name="Get Element State" library="Browser">
<arg>${passwordField}</arg>
<arg>focused</arg>
<arg>==</arg>
<arg>True</arg>
<tag>Assertion</tag>
<tag>Getter</tag>
<tag>PageContent</tag>
<doc>Get the given state from the element found by ``selector``.</doc>
<status status="PASS" starttime="20211124 23:27:13.983" endtime="20211124 23:27:13.999"/>
</kw>
<kw name="Fill Text" library="Browser">
<arg>${passwordField}</arg>
<arg>${PASS}</arg>
<tag>PageContent</tag>
<tag>Setter</tag>
<doc>Clears and fills the given ``txt`` into the text field found by ``selector``.</doc>
<msg timestamp="20211124 23:27:13.999" level="INFO">Fills the text 'password1234!' in the given field.</msg>
<status status="PASS" starttime="20211124 23:27:13.999" endtime="20211124 23:27:14.012"/>
</kw>
<kw name="Take Screenshot" library="Browser">
<arg>selector=xpath=//*[@id="loginpopup"]/form</arg>
<tag>PageContent</tag>
<doc>Takes a screenshot of the current window or element and saves it to disk.</doc>
<msg timestamp="20211124 23:27:14.350" level="INFO" html="true">&lt;/td&gt;&lt;/tr&gt;&lt;tr&gt;&lt;td colspan="3"&gt;&lt;a href="browser/screenshot/robotframework-browser-screenshot-1.png"&gt;&lt;img src="browser/screenshot/robotframework-browser-screenshot-1.png" width="800px"&gt;&lt;/a&gt;</msg>
<status status="PASS" starttime="20211124 23:27:14.013" endtime="20211124 23:27:14.351"/>
</kw>
<status status="PASS" starttime="20211124 23:27:10.590" endtime="20211124 23:27:14.351"/>
</test>
<doc>Playing around with RFWK and HLTV.org</doc>
<status status="PASS" starttime="20211124 23:27:09.880" endtime="20211124 23:27:14.390"/>
</suite>
<statistics>
<total>
<stat pass="1" fail="0" skip="0">All Tests</stat>
</total>
<tag>
</tag>
<suite>
<stat pass="1" fail="0" skip="0" id="s1" name="Hltv Sign In">Hltv Sign In</stat>
</suite>
</statistics>
<errors>
</errors>
</robot>
